<?xml version="1.0" encoding="UTF-8" ?>
<testsuite tests="19" failures="0" name="com.microsoft.bot.connector.ConversationsTest" time="0.358" errors="0" skipped="0">
  <properties>
[...]
</properties>
  <testcase classname="com.microsoft.bot.connector.ConversationsTest" name="CreateConversationWithBotMember" time="0"/>
  <testcase classname="com.microsoft.bot.connector.ConversationsTest" name="UpdateActivity" time="0.039"/>
  <testcase classname="com.microsoft.bot.connector.ConversationsTest" name="GetActivityMembers" time="0.02"/>
  <testcase classname="com.microsoft.bot.connector.ConversationsTest" name="SendToConversationWithInvalidBotId" time="0.011"/>
  <testcase classname="com.microsoft.bot.connector.ConversationsTest" name="DeleteActivityWithInvalidConversationId" time="0.025"/>
  <testcase classname="com.microsoft.bot.connector.ConversationsTest" name="CreateConversationWithInvalidBot" time="0.03"/>
  <testcase classname="com.microsoft.bot.connector.ConversationsTest" name="SendCardToConversation" time="0.035"/>
  <testcase classname="com.microsoft.bot.connector.ConversationsTest" name="UpdateActivityWithInvalidConversationId" time="0.025"/>
  <testcase classname="com.microsoft.bot.connector.ConversationsTest" name="SendToConversationWithInvalidConversationId" time="0.014"/>
  <testcase classname="com.microsoft.bot.connector.ConversationsTest" name="GetActivityMembersWithInvalidConversationId" time="0.021"/>
  <testcase classname="com.microsoft.bot.connector.ConversationsTest" name="DeleteActivity" time="0.019"/>
  <testcase classname="com.microsoft.bot.connector.ConversationsTest" name="ReplyToActivity" time="0.023"/>
  <testcase classname="com.microsoft.bot.connector.ConversationsTest" name="UploadAttachment" time="0.018"/>
  <testcase classname="com.microsoft.bot.connector.ConversationsTest" name="CreateConversationWithoutMembers" time="0.013"/>
  <testcase classname="com.microsoft.bot.connector.ConversationsTest" name="CreateConversation" time="0.011"/>
  <testcase classname="com.microsoft.bot.connector.ConversationsTest" name="GetConversationMembers" time="0.012"/>
  <testcase classname="com.microsoft.bot.connector.ConversationsTest" name="ReplyToActivityWithInvalidConversationId" time="0.019"/>
  <testcase classname="com.microsoft.bot.connector.ConversationsTest" name="SendToConversation" time="0.014"/>
  <testcase classname="com.microsoft.bot.connector.ConversationsTest" name="GetConversationMembersWithInvalidConversationId" time="0.009"/>
</testsuite>